This file contains any messages produced by compilers while
running configure, to aid debugging if configure makes a mistake.

It was created by PyLith configure 3.0.0beta2, which was
generated by GNU Autoconf 2.69.  Invocation command line was

  $ ../pylith/configure --prefix=/home/dockimble/build/pylith --enable-swig --enable-cubit --enable-testing --enable-hdf5 PYTHONPATH=/home/dockimble/build/pylith/lib/python2.7/site-packages:/home/dockimble/build/pylith/lib/python2.7/site-packages:/home/dockimble/build/pylith/lib64/python2.7/site-packages:/home/dockimble/rsfsrc/lib/python2.7/dist-packages:/home/dockimble/src/seacas/lib LDFLAGS=-L/home/dockimble/build/pylith/lib -L/home/dockimble/build/pylith/petsc/arch-linux2-c-debug/lib CPPFLAGS=-I/home/dockimble/build/pylith/include -I/home/dockimble/build/pylith/petsc/arch-linux2-c-debug/include CC=/home/dockimble/build/pylith/petsc/arch-linux2-c-debug/bin/mpicc CXX=/home/dockimble/build/pylith/petsc/arch-linux2-c-debug/bin/mpicxx

## --------- ##
## Platform. ##
## --------- ##

hostname = flattop
uname -m = x86_64
uname -r = 4.15.0-74-lowlatency
uname -s = Linux
uname -v = #84-Ubuntu SMP PREEMPT Thu Dec 19 08:50:32 UTC 2019

/usr/bin/uname -p = unknown
/bin/uname -X     = unknown

/bin/arch              = unknown
/usr/bin/arch -k       = unknown
/usr/convex/getsysinfo = unknown
/usr/bin/hostinfo      = unknown
/bin/machine           = unknown
/usr/bin/oslevel       = unknown
/bin/universe          = unknown

PATH: /home/dockimble/build/pylith/bin
PATH: /home/dockimble/rsfsrc/bin
PATH: /home/dockimble/anaconda3/condabin
PATH: /home/dockimble/bin
PATH: /usr/local/sbin
PATH: /usr/local/bin
PATH: /usr/sbin
PATH: /usr/bin
PATH: /sbin
PATH: /bin
PATH: /usr/games
PATH: /usr/local/games
PATH: /snap/bin
PATH: /home/dockimble/bin
PATH: /home/dockimble/SeisUnix/bin
PATH: /home/dockimble/src/seacas/bin
PATH: /home/dockimble/visit/bin
PATH: /home/dockimble/paraview/ParaView-5.6.1-MPI-Linux-64bit/bin


## ----------- ##
## Core tests. ##
## ----------- ##

configure:2636: checking for a BSD-compatible install
configure:2704: result: /usr/bin/install -c
configure:2715: checking whether build environment is sane
configure:2770: result: yes
configure:2921: checking for a thread-safe mkdir -p
configure:2960: result: /bin/mkdir -p
configure:2967: checking for gawk
configure:2997: result: no
configure:2967: checking for mawk
configure:2983: found /usr/bin/mawk
configure:2994: result: mawk
configure:3005: checking whether make sets $(MAKE)
configure:3027: result: yes
configure:3056: checking whether make supports nested variables
configure:3073: result: yes
configure:3245: checking build system type
configure:3259: result: x86_64-pc-linux-gnu
configure:3279: checking host system type
configure:3292: result: x86_64-pc-linux-gnu
configure:3436: checking for gcc
configure:3463: result: /home/dockimble/build/pylith/petsc/arch-linux2-c-debug/bin/mpicc
configure:3692: checking for C compiler version
configure:3701: /home/dockimble/build/pylith/petsc/arch-linux2-c-debug/bin/mpicc --version >&5
gcc (Ubuntu 7.4.0-1ubuntu1~18.04.1) 7.4.0
Copyright (C) 2017 Free Software Foundation, Inc.
This is free software; see the source for copying conditions.  There is NO
warranty; not even for MERCHANTABILITY or FITNESS FOR A PARTICULAR PURPOSE.

configure:3712: $? = 0
configure:3701: /home/dockimble/build/pylith/petsc/arch-linux2-c-debug/bin/mpicc -v >&5
mpicc for MPICH version 3.3.1
Using built-in specs.
COLLECT_GCC=gcc
COLLECT_LTO_WRAPPER=/usr/lib/gcc/x86_64-linux-gnu/7/lto-wrapper
OFFLOAD_TARGET_NAMES=nvptx-none
OFFLOAD_TARGET_DEFAULT=1
Target: x86_64-linux-gnu
Configured with: ../src/configure -v --with-pkgversion='Ubuntu 7.4.0-1ubuntu1~18.04.1' --with-bugurl=file:///usr/share/doc/gcc-7/README.Bugs --enable-languages=c,ada,c++,go,brig,d,fortran,objc,obj-c++ --prefix=/usr --with-gcc-major-version-only --program-suffix=-7 --program-prefix=x86_64-linux-gnu- --enable-shared --enable-linker-build-id --libexecdir=/usr/lib --without-included-gettext --enable-threads=posix --libdir=/usr/lib --enable-nls --with-sysroot=/ --enable-clocale=gnu --enable-libstdcxx-debug --enable-libstdcxx-time=yes --with-default-libstdcxx-abi=new --enable-gnu-unique-object --disable-vtable-verify --enable-libmpx --enable-plugin --enable-default-pie --with-system-zlib --with-target-system-zlib --enable-objc-gc=auto --enable-multiarch --disable-werror --with-arch-32=i686 --with-abi=m64 --with-multilib-list=m32,m64,mx32 --enable-multilib --with-tune=generic --enable-offload-targets=nvptx-none --without-cuda-driver --enable-checking=release --build=x86_64-linux-gnu --host=x86_64-linux-gnu --target=x86_64-linux-gnu
Thread model: posix
gcc version 7.4.0 (Ubuntu 7.4.0-1ubuntu1~18.04.1) 
configure:3712: $? = 0
configure:3701: /home/dockimble/build/pylith/petsc/arch-linux2-c-debug/bin/mpicc -V >&5
gcc: error: unrecognized command line option '-V'
configure:3712: $? = 1
configure:3701: /home/dockimble/build/pylith/petsc/arch-linux2-c-debug/bin/mpicc -qversion >&5
gcc: error: unrecognized command line option '-qversion'; did you mean '--version'?
configure:3712: $? = 1
configure:3732: checking whether the C compiler works
configure:3754: /home/dockimble/build/pylith/petsc/arch-linux2-c-debug/bin/mpicc  -DENABLE_HDF5 -DENABLE_CUBIT -I/home/dockimble/build/pylith/include -I/home/dockimble/build/pylith/petsc/arch-linux2-c-debug/include -L/home/dockimble/build/pylith/lib -L/home/dockimble/build/pylith/petsc/arch-linux2-c-debug/lib conftest.c  >&5
configure:3758: $? = 0
configure:3806: result: yes
configure:3809: checking for C compiler default output file name
configure:3811: result: a.out
configure:3817: checking for suffix of executables
configure:3824: /home/dockimble/build/pylith/petsc/arch-linux2-c-debug/bin/mpicc -o conftest  -DENABLE_HDF5 -DENABLE_CUBIT -I/home/dockimble/build/pylith/include -I/home/dockimble/build/pylith/petsc/arch-linux2-c-debug/include -L/home/dockimble/build/pylith/lib -L/home/dockimble/build/pylith/petsc/arch-linux2-c-debug/lib conftest.c  >&5
configure:3828: $? = 0
configure:3850: result: 
configure:3872: checking whether we are cross compiling
configure:3880: /home/dockimble/build/pylith/petsc/arch-linux2-c-debug/bin/mpicc -o conftest  -DENABLE_HDF5 -DENABLE_CUBIT -I/home/dockimble/build/pylith/include -I/home/dockimble/build/pylith/petsc/arch-linux2-c-debug/include -L/home/dockimble/build/pylith/lib -L/home/dockimble/build/pylith/petsc/arch-linux2-c-debug/lib conftest.c  >&5
configure:3884: $? = 0
configure:3891: ./conftest
configure:3895: $? = 0
configure:3910: result: no
configure:3915: checking for suffix of object files
configure:3937: /home/dockimble/build/pylith/petsc/arch-linux2-c-debug/bin/mpicc -c  -DENABLE_HDF5 -DENABLE_CUBIT -I/home/dockimble/build/pylith/include -I/home/dockimble/build/pylith/petsc/arch-linux2-c-debug/include conftest.c >&5
configure:3941: $? = 0
configure:3962: result: o
configure:3966: checking whether we are using the GNU C compiler
configure:3985: /home/dockimble/build/pylith/petsc/arch-linux2-c-debug/bin/mpicc -c  -DENABLE_HDF5 -DENABLE_CUBIT -I/home/dockimble/build/pylith/include -I/home/dockimble/build/pylith/petsc/arch-linux2-c-debug/include conftest.c >&5
configure:3985: $? = 0
configure:3994: result: yes
configure:4003: checking whether /home/dockimble/build/pylith/petsc/arch-linux2-c-debug/bin/mpicc accepts -g
configure:4023: /home/dockimble/build/pylith/petsc/arch-linux2-c-debug/bin/mpicc -c -g -DENABLE_HDF5 -DENABLE_CUBIT -I/home/dockimble/build/pylith/include -I/home/dockimble/build/pylith/petsc/arch-linux2-c-debug/include conftest.c >&5
configure:4023: $? = 0
configure:4064: result: yes
configure:4081: checking for /home/dockimble/build/pylith/petsc/arch-linux2-c-debug/bin/mpicc option to accept ISO C89
configure:4144: /home/dockimble/build/pylith/petsc/arch-linux2-c-debug/bin/mpicc  -c -g -O2 -DENABLE_HDF5 -DENABLE_CUBIT -I/home/dockimble/build/pylith/include -I/home/dockimble/build/pylith/petsc/arch-linux2-c-debug/include conftest.c >&5
configure:4144: $? = 0
configure:4157: result: none needed
configure:4182: checking whether /home/dockimble/build/pylith/petsc/arch-linux2-c-debug/bin/mpicc understands -c and -o together
configure:4204: /home/dockimble/build/pylith/petsc/arch-linux2-c-debug/bin/mpicc -c conftest.c -o conftest2.o
configure:4207: $? = 0
configure:4204: /home/dockimble/build/pylith/petsc/arch-linux2-c-debug/bin/mpicc -c conftest.c -o conftest2.o
configure:4207: $? = 0
configure:4219: result: yes
configure:4247: checking for style of include used by make
configure:4275: result: GNU
configure:4301: checking dependency style of /home/dockimble/build/pylith/petsc/arch-linux2-c-debug/bin/mpicc
configure:4412: result: gcc3
configure:4539: checking for C++ compiler version
configure:4548: /home/dockimble/build/pylith/petsc/arch-linux2-c-debug/bin/mpicxx --version >&5
g++ (Ubuntu 7.4.0-1ubuntu1~18.04.1) 7.4.0
Copyright (C) 2017 Free Software Foundation, Inc.
This is free software; see the source for copying conditions.  There is NO
warranty; not even for MERCHANTABILITY or FITNESS FOR A PARTICULAR PURPOSE.

configure:4559: $? = 0
configure:4548: /home/dockimble/build/pylith/petsc/arch-linux2-c-debug/bin/mpicxx -v >&5
mpicxx for MPICH version 3.3.1
Using built-in specs.
COLLECT_GCC=g++
COLLECT_LTO_WRAPPER=/usr/lib/gcc/x86_64-linux-gnu/7/lto-wrapper
OFFLOAD_TARGET_NAMES=nvptx-none
OFFLOAD_TARGET_DEFAULT=1
Target: x86_64-linux-gnu
Configured with: ../src/configure -v --with-pkgversion='Ubuntu 7.4.0-1ubuntu1~18.04.1' --with-bugurl=file:///usr/share/doc/gcc-7/README.Bugs --enable-languages=c,ada,c++,go,brig,d,fortran,objc,obj-c++ --prefix=/usr --with-gcc-major-version-only --program-suffix=-7 --program-prefix=x86_64-linux-gnu- --enable-shared --enable-linker-build-id --libexecdir=/usr/lib --without-included-gettext --enable-threads=posix --libdir=/usr/lib --enable-nls --with-sysroot=/ --enable-clocale=gnu --enable-libstdcxx-debug --enable-libstdcxx-time=yes --with-default-libstdcxx-abi=new --enable-gnu-unique-object --disable-vtable-verify --enable-libmpx --enable-plugin --enable-default-pie --with-system-zlib --with-target-system-zlib --enable-objc-gc=auto --enable-multiarch --disable-werror --with-arch-32=i686 --with-abi=m64 --with-multilib-list=m32,m64,mx32 --enable-multilib --with-tune=generic --enable-offload-targets=nvptx-none --without-cuda-driver --enable-checking=release --build=x86_64-linux-gnu --host=x86_64-linux-gnu --target=x86_64-linux-gnu
Thread model: posix
gcc version 7.4.0 (Ubuntu 7.4.0-1ubuntu1~18.04.1) 
configure:4559: $? = 0
configure:4548: /home/dockimble/build/pylith/petsc/arch-linux2-c-debug/bin/mpicxx -V >&5
g++: error: unrecognized command line option '-V'
configure:4559: $? = 1
configure:4548: /home/dockimble/build/pylith/petsc/arch-linux2-c-debug/bin/mpicxx -qversion >&5
g++: error: unrecognized command line option '-qversion'; did you mean '--version'?
configure:4559: $? = 1
configure:4563: checking whether we are using the GNU C++ compiler
configure:4582: /home/dockimble/build/pylith/petsc/arch-linux2-c-debug/bin/mpicxx -c  -DENABLE_HDF5 -DENABLE_CUBIT -I/home/dockimble/build/pylith/include -I/home/dockimble/build/pylith/petsc/arch-linux2-c-debug/include conftest.cpp >&5
configure:4582: $? = 0
configure:4591: result: yes
configure:4600: checking whether /home/dockimble/build/pylith/petsc/arch-linux2-c-debug/bin/mpicxx accepts -g
configure:4620: /home/dockimble/build/pylith/petsc/arch-linux2-c-debug/bin/mpicxx -c -g -DENABLE_HDF5 -DENABLE_CUBIT -I/home/dockimble/build/pylith/include -I/home/dockimble/build/pylith/petsc/arch-linux2-c-debug/include conftest.cpp >&5
configure:4620: $? = 0
configure:4661: result: yes
configure:4686: checking dependency style of /home/dockimble/build/pylith/petsc/arch-linux2-c-debug/bin/mpicxx
configure:4797: result: gcc3
configure:4817: checking how to run the C++ preprocessor
configure:4844: /home/dockimble/build/pylith/petsc/arch-linux2-c-debug/bin/mpicxx -E -DENABLE_HDF5 -DENABLE_CUBIT -I/home/dockimble/build/pylith/include -I/home/dockimble/build/pylith/petsc/arch-linux2-c-debug/include conftest.cpp
configure:4844: $? = 0
configure:4858: /home/dockimble/build/pylith/petsc/arch-linux2-c-debug/bin/mpicxx -E -DENABLE_HDF5 -DENABLE_CUBIT -I/home/dockimble/build/pylith/include -I/home/dockimble/build/pylith/petsc/arch-linux2-c-debug/include conftest.cpp
conftest.cpp:11:10: fatal error: ac_nonexistent.h: No such file or directory
 #include <ac_nonexistent.h>
          ^~~~~~~~~~~~~~~~~~
compilation terminated.
configure:4858: $? = 1
configure: failed program was:
| /* confdefs.h */
| #define PACKAGE_NAME "PyLith"
| #define PACKAGE_TARNAME "pylith"
| #define PACKAGE_VERSION "3.0.0beta2"
| #define PACKAGE_STRING "PyLith 3.0.0beta2"
| #define PACKAGE_BUGREPORT "cig-short@geodynamics.org"
| #define PACKAGE_URL ""
| #define PACKAGE "pylith"
| #define VERSION "3.0.0beta2"
| /* end confdefs.h.  */
| #include <ac_nonexistent.h>
configure:4883: result: /home/dockimble/build/pylith/petsc/arch-linux2-c-debug/bin/mpicxx -E
configure:4903: /home/dockimble/build/pylith/petsc/arch-linux2-c-debug/bin/mpicxx -E -DENABLE_HDF5 -DENABLE_CUBIT -I/home/dockimble/build/pylith/include -I/home/dockimble/build/pylith/petsc/arch-linux2-c-debug/include conftest.cpp
configure:4903: $? = 0
configure:4917: /home/dockimble/build/pylith/petsc/arch-linux2-c-debug/bin/mpicxx -E -DENABLE_HDF5 -DENABLE_CUBIT -I/home/dockimble/build/pylith/include -I/home/dockimble/build/pylith/petsc/arch-linux2-c-debug/include conftest.cpp
conftest.cpp:11:10: fatal error: ac_nonexistent.h: No such file or directory
 #include <ac_nonexistent.h>
          ^~~~~~~~~~~~~~~~~~
compilation terminated.
configure:4917: $? = 1
configure: failed program was:
| /* confdefs.h */
| #define PACKAGE_NAME "PyLith"
| #define PACKAGE_TARNAME "pylith"
| #define PACKAGE_VERSION "3.0.0beta2"
| #define PACKAGE_STRING "PyLith 3.0.0beta2"
| #define PACKAGE_BUGREPORT "cig-short@geodynamics.org"
| #define PACKAGE_URL ""
| #define PACKAGE "pylith"
| #define VERSION "3.0.0beta2"
| /* end confdefs.h.  */
| #include <ac_nonexistent.h>
configure:5023: checking how to print strings
configure:5050: result: printf
configure:5071: checking for a sed that does not truncate output
configure:5135: result: /bin/sed
configure:5153: checking for grep that handles long lines and -e
configure:5211: result: /bin/grep
configure:5216: checking for egrep
configure:5278: result: /bin/grep -E
configure:5283: checking for fgrep
configure:5345: result: /bin/grep -F
configure:5380: checking for ld used by /home/dockimble/build/pylith/petsc/arch-linux2-c-debug/bin/mpicc
configure:5447: result: /usr/bin/ld
configure:5454: checking if the linker (/usr/bin/ld) is GNU ld
configure:5469: result: yes
configure:5481: checking for BSD- or MS-compatible name lister (nm)
configure:5535: result: /usr/bin/nm -B
configure:5665: checking the name lister (/usr/bin/nm -B) interface
configure:5672: /home/dockimble/build/pylith/petsc/arch-linux2-c-debug/bin/mpicc -c -g -O2 -DENABLE_HDF5 -DENABLE_CUBIT -I/home/dockimble/build/pylith/include -I/home/dockimble/build/pylith/petsc/arch-linux2-c-debug/include conftest.c >&5
configure:5675: /usr/bin/nm -B "conftest.o"
configure:5678: output
0000000000000000 B some_variable
0000000000000000 n wm4.0.b3d7fda0437dc0c59843c96f4a0ec13e
0000000000000000 n wm4.stdcpredef.h.19.006d14bbbe0dc07ba9b1ce3fdc8e40d3
configure:5685: result: BSD nm
configure:5688: checking whether ln -s works
configure:5692: result: yes
configure:5700: checking the maximum length of command line arguments
configure:5831: result: 1572864
configure:5879: checking how to convert x86_64-pc-linux-gnu file names to x86_64-pc-linux-gnu format
configure:5919: result: func_convert_file_noop
configure:5926: checking how to convert x86_64-pc-linux-gnu file names to toolchain format
configure:5946: result: func_convert_file_noop
configure:5953: checking for /usr/bin/ld option to reload object files
configure:5960: result: -r
configure:6034: checking for objdump
configure:6050: found /usr/bin/objdump
configure:6061: result: objdump
configure:6093: checking how to recognize dependent libraries
configure:6293: result: pass_all
configure:6378: checking for dlltool
configure:6408: result: no
configure:6438: checking how to associate runtime and link libraries
configure:6465: result: printf %s\n
configure:6526: checking for ar
configure:6542: found /usr/bin/ar
configure:6553: result: ar
configure:6590: checking for archiver @FILE support
configure:6607: /home/dockimble/build/pylith/petsc/arch-linux2-c-debug/bin/mpicc -c -g -O2 -DENABLE_HDF5 -DENABLE_CUBIT -I/home/dockimble/build/pylith/include -I/home/dockimble/build/pylith/petsc/arch-linux2-c-debug/include conftest.c >&5
configure:6607: $? = 0
configure:6610: ar cru libconftest.a @conftest.lst >&5
ar: `u' modifier ignored since `D' is the default (see `U')
configure:6613: $? = 0
configure:6618: ar cru libconftest.a @conftest.lst >&5
ar: `u' modifier ignored since `D' is the default (see `U')
ar: conftest.o: No such file or directory
configure:6621: $? = 1
configure:6633: result: @
configure:6691: checking for strip
configure:6707: found /usr/bin/strip
configure:6718: result: strip
configure:6790: checking for ranlib
configure:6806: found /usr/bin/ranlib
configure:6817: result: ranlib
configure:6919: checking command to parse /usr/bin/nm -B output from /home/dockimble/build/pylith/petsc/arch-linux2-c-debug/bin/mpicc object
configure:7072: /home/dockimble/build/pylith/petsc/arch-linux2-c-debug/bin/mpicc -c -g -O2 -DENABLE_HDF5 -DENABLE_CUBIT -I/home/dockimble/build/pylith/include -I/home/dockimble/build/pylith/petsc/arch-linux2-c-debug/include conftest.c >&5
configure:7075: $? = 0
configure:7079: /usr/bin/nm -B conftest.o \| sed -n -e 's/^.*[ ]\([ABCDGIRSTW][ABCDGIRSTW]*\)[ ][ ]*\([_A-Za-z][_A-Za-z0-9]*\)$/\1 \2 \2/p' | sed '/ __gnu_lto/d' \> conftest.nm
configure:7082: $? = 0
configure:7148: /home/dockimble/build/pylith/petsc/arch-linux2-c-debug/bin/mpicc -o conftest -g -O2 -DENABLE_HDF5 -DENABLE_CUBIT -I/home/dockimble/build/pylith/include -I/home/dockimble/build/pylith/petsc/arch-linux2-c-debug/include -L/home/dockimble/build/pylith/lib -L/home/dockimble/build/pylith/petsc/arch-linux2-c-debug/lib conftest.c conftstm.o >&5
configure:7151: $? = 0
configure:7189: result: ok
configure:7236: checking for sysroot
configure:7266: result: no
configure:7273: checking for a working dd
configure:7311: result: /bin/dd
configure:7315: checking how to truncate binary pipes
configure:7330: result: /bin/dd bs=4096 count=1
configure:7466: /home/dockimble/build/pylith/petsc/arch-linux2-c-debug/bin/mpicc -c -g -O2 -DENABLE_HDF5 -DENABLE_CUBIT -I/home/dockimble/build/pylith/include -I/home/dockimble/build/pylith/petsc/arch-linux2-c-debug/include conftest.c >&5
configure:7469: $? = 0
configure:7659: checking for mt
configure:7675: found /bin/mt
configure:7686: result: mt
configure:7709: checking if mt is a manifest tool
configure:7715: mt '-?'
configure:7723: result: no
configure:8400: checking how to run the C preprocessor
configure:8431: /home/dockimble/build/pylith/petsc/arch-linux2-c-debug/bin/mpicc -E -DENABLE_HDF5 -DENABLE_CUBIT -I/home/dockimble/build/pylith/include -I/home/dockimble/build/pylith/petsc/arch-linux2-c-debug/include conftest.c
configure:8431: $? = 0
configure:8445: /home/dockimble/build/pylith/petsc/arch-linux2-c-debug/bin/mpicc -E -DENABLE_HDF5 -DENABLE_CUBIT -I/home/dockimble/build/pylith/include -I/home/dockimble/build/pylith/petsc/arch-linux2-c-debug/include conftest.c
conftest.c:11:10: fatal error: ac_nonexistent.h: No such file or directory
 #include <ac_nonexistent.h>
          ^~~~~~~~~~~~~~~~~~
compilation terminated.
configure:8445: $? = 1
configure: failed program was:
| /* confdefs.h */
| #define PACKAGE_NAME "PyLith"
| #define PACKAGE_TARNAME "pylith"
| #define PACKAGE_VERSION "3.0.0beta2"
| #define PACKAGE_STRING "PyLith 3.0.0beta2"
| #define PACKAGE_BUGREPORT "cig-short@geodynamics.org"
| #define PACKAGE_URL ""
| #define PACKAGE "pylith"
| #define VERSION "3.0.0beta2"
| /* end confdefs.h.  */
| #include <ac_nonexistent.h>
configure:8470: result: /home/dockimble/build/pylith/petsc/arch-linux2-c-debug/bin/mpicc -E
configure:8490: /home/dockimble/build/pylith/petsc/arch-linux2-c-debug/bin/mpicc -E -DENABLE_HDF5 -DENABLE_CUBIT -I/home/dockimble/build/pylith/include -I/home/dockimble/build/pylith/petsc/arch-linux2-c-debug/include conftest.c
configure:8490: $? = 0
configure:8504: /home/dockimble/build/pylith/petsc/arch-linux2-c-debug/bin/mpicc -E -DENABLE_HDF5 -DENABLE_CUBIT -I/home/dockimble/build/pylith/include -I/home/dockimble/build/pylith/petsc/arch-linux2-c-debug/include conftest.c
conftest.c:11:10: fatal error: ac_nonexistent.h: No such file or directory
 #include <ac_nonexistent.h>
          ^~~~~~~~~~~~~~~~~~
compilation terminated.
configure:8504: $? = 1
configure: failed program was:
| /* confdefs.h */
| #define PACKAGE_NAME "PyLith"
| #define PACKAGE_TARNAME "pylith"
| #define PACKAGE_VERSION "3.0.0beta2"
| #define PACKAGE_STRING "PyLith 3.0.0beta2"
| #define PACKAGE_BUGREPORT "cig-short@geodynamics.org"
| #define PACKAGE_URL ""
| #define PACKAGE "pylith"
| #define VERSION "3.0.0beta2"
| /* end confdefs.h.  */
| #include <ac_nonexistent.h>
configure:8533: checking for ANSI C header files
configure:8553: /home/dockimble/build/pylith/petsc/arch-linux2-c-debug/bin/mpicc -c -g -O2 -DENABLE_HDF5 -DENABLE_CUBIT -I/home/dockimble/build/pylith/include -I/home/dockimble/build/pylith/petsc/arch-linux2-c-debug/include conftest.c >&5
configure:8553: $? = 0
configure:8626: /home/dockimble/build/pylith/petsc/arch-linux2-c-debug/bin/mpicc -o conftest -g -O2 -DENABLE_HDF5 -DENABLE_CUBIT -I/home/dockimble/build/pylith/include -I/home/dockimble/build/pylith/petsc/arch-linux2-c-debug/include -L/home/dockimble/build/pylith/lib -L/home/dockimble/build/pylith/petsc/arch-linux2-c-debug/lib conftest.c  >&5
configure:8626: $? = 0
configure:8626: ./conftest
configure:8626: $? = 0
configure:8637: result: yes
configure:8650: checking for sys/types.h
configure:8650: /home/dockimble/build/pylith/petsc/arch-linux2-c-debug/bin/mpicc -c -g -O2 -DENABLE_HDF5 -DENABLE_CUBIT -I/home/dockimble/build/pylith/include -I/home/dockimble/build/pylith/petsc/arch-linux2-c-debug/include conftest.c >&5
configure:8650: $? = 0
configure:8650: result: yes
configure:8650: checking for sys/stat.h
configure:8650: /home/dockimble/build/pylith/petsc/arch-linux2-c-debug/bin/mpicc -c -g -O2 -DENABLE_HDF5 -DENABLE_CUBIT -I/home/dockimble/build/pylith/include -I/home/dockimble/build/pylith/petsc/arch-linux2-c-debug/include conftest.c >&5
configure:8650: $? = 0
configure:8650: result: yes
configure:8650: checking for stdlib.h
configure:8650: /home/dockimble/build/pylith/petsc/arch-linux2-c-debug/bin/mpicc -c -g -O2 -DENABLE_HDF5 -DENABLE_CUBIT -I/home/dockimble/build/pylith/include -I/home/dockimble/build/pylith/petsc/arch-linux2-c-debug/include conftest.c >&5
configure:8650: $? = 0
configure:8650: result: yes
configure:8650: checking for string.h
configure:8650: /home/dockimble/build/pylith/petsc/arch-linux2-c-debug/bin/mpicc -c -g -O2 -DENABLE_HDF5 -DENABLE_CUBIT -I/home/dockimble/build/pylith/include -I/home/dockimble/build/pylith/petsc/arch-linux2-c-debug/include conftest.c >&5
configure:8650: $? = 0
configure:8650: result: yes
configure:8650: checking for memory.h
configure:8650: /home/dockimble/build/pylith/petsc/arch-linux2-c-debug/bin/mpicc -c -g -O2 -DENABLE_HDF5 -DENABLE_CUBIT -I/home/dockimble/build/pylith/include -I/home/dockimble/build/pylith/petsc/arch-linux2-c-debug/include conftest.c >&5
configure:8650: $? = 0
configure:8650: result: yes
configure:8650: checking for strings.h
configure:8650: /home/dockimble/build/pylith/petsc/arch-linux2-c-debug/bin/mpicc -c -g -O2 -DENABLE_HDF5 -DENABLE_CUBIT -I/home/dockimble/build/pylith/include -I/home/dockimble/build/pylith/petsc/arch-linux2-c-debug/include conftest.c >&5
configure:8650: $? = 0
configure:8650: result: yes
configure:8650: checking for inttypes.h
configure:8650: /home/dockimble/build/pylith/petsc/arch-linux2-c-debug/bin/mpicc -c -g -O2 -DENABLE_HDF5 -DENABLE_CUBIT -I/home/dockimble/build/pylith/include -I/home/dockimble/build/pylith/petsc/arch-linux2-c-debug/include conftest.c >&5
configure:8650: $? = 0
configure:8650: result: yes
configure:8650: checking for stdint.h
configure:8650: /home/dockimble/build/pylith/petsc/arch-linux2-c-debug/bin/mpicc -c -g -O2 -DENABLE_HDF5 -DENABLE_CUBIT -I/home/dockimble/build/pylith/include -I/home/dockimble/build/pylith/petsc/arch-linux2-c-debug/include conftest.c >&5
configure:8650: $? = 0
configure:8650: result: yes
configure:8650: checking for unistd.h
configure:8650: /home/dockimble/build/pylith/petsc/arch-linux2-c-debug/bin/mpicc -c -g -O2 -DENABLE_HDF5 -DENABLE_CUBIT -I/home/dockimble/build/pylith/include -I/home/dockimble/build/pylith/petsc/arch-linux2-c-debug/include conftest.c >&5
configure:8650: $? = 0
configure:8650: result: yes
configure:8664: checking for dlfcn.h
configure:8664: /home/dockimble/build/pylith/petsc/arch-linux2-c-debug/bin/mpicc -c -g -O2 -DENABLE_HDF5 -DENABLE_CUBIT -I/home/dockimble/build/pylith/include -I/home/dockimble/build/pylith/petsc/arch-linux2-c-debug/include conftest.c >&5
configure:8664: $? = 0
configure:8664: result: yes
configure:8901: checking for objdir
configure:8916: result: .libs
configure:9180: checking if /home/dockimble/build/pylith/petsc/arch-linux2-c-debug/bin/mpicc supports -fno-rtti -fno-exceptions
configure:9198: /home/dockimble/build/pylith/petsc/arch-linux2-c-debug/bin/mpicc -c -g -O2 -DENABLE_HDF5 -DENABLE_CUBIT -I/home/dockimble/build/pylith/include -I/home/dockimble/build/pylith/petsc/arch-linux2-c-debug/include -fno-rtti -fno-exceptions conftest.c >&5
cc1: warning: command line option '-fno-rtti' is valid for C++/ObjC++ but not for C
configure:9202: $? = 0
configure:9215: result: no
configure:9573: checking for /home/dockimble/build/pylith/petsc/arch-linux2-c-debug/bin/mpicc option to produce PIC
configure:9580: result: -fPIC -DPIC
configure:9588: checking if /home/dockimble/build/pylith/petsc/arch-linux2-c-debug/bin/mpicc PIC flag -fPIC -DPIC works
configure:9606: /home/dockimble/build/pylith/petsc/arch-linux2-c-debug/bin/mpicc -c -g -O2 -DENABLE_HDF5 -DENABLE_CUBIT -I/home/dockimble/build/pylith/include -I/home/dockimble/build/pylith/petsc/arch-linux2-c-debug/include -fPIC -DPIC -DPIC conftest.c >&5
configure:9610: $? = 0
configure:9623: result: yes
configure:9652: checking if /home/dockimble/build/pylith/petsc/arch-linux2-c-debug/bin/mpicc static flag -static works
configure:9680: result: yes
configure:9695: checking if /home/dockimble/build/pylith/petsc/arch-linux2-c-debug/bin/mpicc supports -c -o file.o
configure:9716: /home/dockimble/build/pylith/petsc/arch-linux2-c-debug/bin/mpicc -c -g -O2 -DENABLE_HDF5 -DENABLE_CUBIT -I/home/dockimble/build/pylith/include -I/home/dockimble/build/pylith/petsc/arch-linux2-c-debug/include -o out/conftest2.o conftest.c >&5
configure:9720: $? = 0
configure:9742: result: yes
configure:9750: checking if /home/dockimble/build/pylith/petsc/arch-linux2-c-debug/bin/mpicc supports -c -o file.o
configure:9797: result: yes
configure:9830: checking whether the /home/dockimble/build/pylith/petsc/arch-linux2-c-debug/bin/mpicc linker (/usr/bin/ld -m elf_x86_64) supports shared libraries
configure:11093: result: yes
configure:11130: checking whether -lc should be explicitly linked in
configure:11138: /home/dockimble/build/pylith/petsc/arch-linux2-c-debug/bin/mpicc -c -g -O2 -DENABLE_HDF5 -DENABLE_CUBIT -I/home/dockimble/build/pylith/include -I/home/dockimble/build/pylith/petsc/arch-linux2-c-debug/include conftest.c >&5
configure:11141: $? = 0
configure:11156: /home/dockimble/build/pylith/petsc/arch-linux2-c-debug/bin/mpicc -shared  -fPIC -DPIC conftest.o  -v -Wl,-soname -Wl,conftest -o conftest 2\>\&1 \| /bin/grep  -lc  \>/dev/null 2\>\&1
configure:11159: $? = 0
configure:11173: result: no
configure:11333: checking dynamic linker characteristics
configure:11914: /home/dockimble/build/pylith/petsc/arch-linux2-c-debug/bin/mpicc -o conftest -g -O2 -DENABLE_HDF5 -DENABLE_CUBIT -I/home/dockimble/build/pylith/include -I/home/dockimble/build/pylith/petsc/arch-linux2-c-debug/include -L/home/dockimble/build/pylith/lib -L/home/dockimble/build/pylith/petsc/arch-linux2-c-debug/lib -Wl,-rpath -Wl,/foo conftest.c  >&5
configure:11914: $? = 0
configure:12163: result: GNU/Linux ld.so
configure:12285: checking how to hardcode library paths into programs
configure:12310: result: immediate
configure:12858: checking whether stripping libraries is possible
configure:12863: result: yes
configure:12898: checking if libtool supports shared libraries
configure:12900: result: yes
configure:12903: checking whether to build shared libraries
configure:12928: result: yes
configure:12931: checking whether to build static libraries
configure:12935: result: no
configure:12958: checking how to run the C++ preprocessor
configure:13024: result: /home/dockimble/build/pylith/petsc/arch-linux2-c-debug/bin/mpicxx -E
configure:13044: /home/dockimble/build/pylith/petsc/arch-linux2-c-debug/bin/mpicxx -E -DENABLE_HDF5 -DENABLE_CUBIT -I/home/dockimble/build/pylith/include -I/home/dockimble/build/pylith/petsc/arch-linux2-c-debug/include conftest.cpp
configure:13044: $? = 0
configure:13058: /home/dockimble/build/pylith/petsc/arch-linux2-c-debug/bin/mpicxx -E -DENABLE_HDF5 -DENABLE_CUBIT -I/home/dockimble/build/pylith/include -I/home/dockimble/build/pylith/petsc/arch-linux2-c-debug/include conftest.cpp
conftest.cpp:23:10: fatal error: ac_nonexistent.h: No such file or directory
 #include <ac_nonexistent.h>
          ^~~~~~~~~~~~~~~~~~
compilation terminated.
configure:13058: $? = 1
configure: failed program was:
| /* confdefs.h */
| #define PACKAGE_NAME "PyLith"
| #define PACKAGE_TARNAME "pylith"
| #define PACKAGE_VERSION "3.0.0beta2"
| #define PACKAGE_STRING "PyLith 3.0.0beta2"
| #define PACKAGE_BUGREPORT "cig-short@geodynamics.org"
| #define PACKAGE_URL ""
| #define PACKAGE "pylith"
| #define VERSION "3.0.0beta2"
| #define STDC_HEADERS 1
| #define HAVE_SYS_TYPES_H 1
| #define HAVE_SYS_STAT_H 1
| #define HAVE_STDLIB_H 1
| #define HAVE_STRING_H 1
| #define HAVE_MEMORY_H 1
| #define HAVE_STRINGS_H 1
| #define HAVE_INTTYPES_H 1
| #define HAVE_STDINT_H 1
| #define HAVE_UNISTD_H 1
| #define HAVE_DLFCN_H 1
| #define LT_OBJDIR ".libs/"
| /* end confdefs.h.  */
| #include <ac_nonexistent.h>
configure:13220: checking for ld used by /home/dockimble/build/pylith/petsc/arch-linux2-c-debug/bin/mpicxx
configure:13287: result: /usr/bin/ld -m elf_x86_64
configure:13294: checking if the linker (/usr/bin/ld -m elf_x86_64) is GNU ld
configure:13309: result: yes
configure:13364: checking whether the /home/dockimble/build/pylith/petsc/arch-linux2-c-debug/bin/mpicxx linker (/usr/bin/ld -m elf_x86_64) supports shared libraries
configure:14437: result: yes
configure:14473: /home/dockimble/build/pylith/petsc/arch-linux2-c-debug/bin/mpicxx -c -g -O2 -DENABLE_HDF5 -DENABLE_CUBIT -I/home/dockimble/build/pylith/include -I/home/dockimble/build/pylith/petsc/arch-linux2-c-debug/include conftest.cpp >&5
configure:14476: $? = 0
configure:14957: checking for /home/dockimble/build/pylith/petsc/arch-linux2-c-debug/bin/mpicxx option to produce PIC
configure:14964: result: -fPIC -DPIC
configure:14972: checking if /home/dockimble/build/pylith/petsc/arch-linux2-c-debug/bin/mpicxx PIC flag -fPIC -DPIC works
configure:14990: /home/dockimble/build/pylith/petsc/arch-linux2-c-debug/bin/mpicxx -c -g -O2 -DENABLE_HDF5 -DENABLE_CUBIT -I/home/dockimble/build/pylith/include -I/home/dockimble/build/pylith/petsc/arch-linux2-c-debug/include -fPIC -DPIC -DPIC conftest.cpp >&5
configure:14994: $? = 0
configure:15007: result: yes
configure:15030: checking if /home/dockimble/build/pylith/petsc/arch-linux2-c-debug/bin/mpicxx static flag -static works
configure:15058: result: yes
configure:15070: checking if /home/dockimble/build/pylith/petsc/arch-linux2-c-debug/bin/mpicxx supports -c -o file.o
configure:15091: /home/dockimble/build/pylith/petsc/arch-linux2-c-debug/bin/mpicxx -c -g -O2 -DENABLE_HDF5 -DENABLE_CUBIT -I/home/dockimble/build/pylith/include -I/home/dockimble/build/pylith/petsc/arch-linux2-c-debug/include -o out/conftest2.o conftest.cpp >&5
configure:15095: $? = 0
configure:15117: result: yes
configure:15122: checking if /home/dockimble/build/pylith/petsc/arch-linux2-c-debug/bin/mpicxx supports -c -o file.o
configure:15169: result: yes
configure:15199: checking whether the /home/dockimble/build/pylith/petsc/arch-linux2-c-debug/bin/mpicxx linker (/usr/bin/ld -m elf_x86_64) supports shared libraries
configure:15242: result: yes
configure:15383: checking dynamic linker characteristics
configure:16140: result: GNU/Linux ld.so
configure:16205: checking how to hardcode library paths into programs
configure:16230: result: immediate
configure:16299: checking for nemesis
configure:16317: found /home/dockimble/build/pylith/bin/nemesis
configure:16330: result: /home/dockimble/build/pylith/bin/nemesis
configure:16350: checking whether /home/dockimble/build/pylith/bin/nemesis version is >= 2.7
configure:16361: /home/dockimble/build/pylith/bin/nemesis -c import sys # split strings by '.' and convert to numeric. Append some zeros # because we need at least 4 digits for the hex conversion. # map returns an iterator in Python 3.0 and a list in 2.x minver = list(map(int, '2.7'.split('.'))) + [0, 0, 0] minverhex = 0 # xrange is not present in Python 3.0 and range returns an iterator for i in list(range(0, 4)): minverhex = (minverhex << 8) + minver[i] sys.exit(sys.hexversion < minverhex)
configure:16364: $? = 0
configure:16366: result: yes
configure:16459: checking for /home/dockimble/build/pylith/bin/nemesis version
configure:16466: result: 2.7
configure:16478: checking for /home/dockimble/build/pylith/bin/nemesis platform
configure:16485: result: linux2
configure:16511: checking for /home/dockimble/build/pylith/bin/nemesis script directory
configure:16546: result: ${prefix}/lib/python2.7/site-packages
configure:16555: checking for /home/dockimble/build/pylith/bin/nemesis extension module directory
configure:16590: result: ${exec_prefix}/lib/python2.7/site-packages
configure:16606: checking /home/dockimble/build/pylith/bin/nemesis sysconfig
configure:16687: result: ok
configure:16726: checking for /home/dockimble/build/pylith/bin/nemesis include directory
configure:16734: result: /home/dockimble/build/pylith/include/python2.7
configure:16744: checking Python.h usability
configure:16744: /home/dockimble/build/pylith/petsc/arch-linux2-c-debug/bin/mpicc -c -g -O2 -I/home/dockimble/build/pylith/include/python2.7 -DENABLE_HDF5 -DENABLE_CUBIT -I/home/dockimble/build/pylith/include -I/home/dockimble/build/pylith/petsc/arch-linux2-c-debug/include conftest.c >&5
In file included from /home/dockimble/build/pylith/include/python2.7/Python.h:8:0,
                 from conftest.c:56:
/home/dockimble/build/pylith/include/python2.7/pyconfig.h:1220:0: warning: "_POSIX_C_SOURCE" redefined
 #define _POSIX_C_SOURCE 200112L
 
In file included from /usr/include/x86_64-linux-gnu/bits/libc-header-start.h:33:0,
                 from /usr/include/stdio.h:27,
                 from conftest.c:23:
/usr/include/features.h:265:0: note: this is the location of the previous definition
 # define _POSIX_C_SOURCE 200809L
 
configure:16744: $? = 0
configure:16744: result: yes
configure:16744: checking Python.h presence
configure:16744: /home/dockimble/build/pylith/petsc/arch-linux2-c-debug/bin/mpicc -E -I/home/dockimble/build/pylith/include/python2.7 -DENABLE_HDF5 -DENABLE_CUBIT -I/home/dockimble/build/pylith/include -I/home/dockimble/build/pylith/petsc/arch-linux2-c-debug/include conftest.c
configure:16744: $? = 0
configure:16744: result: yes
configure:16744: checking for Python.h
configure:16744: result: yes
configure:16759: checking /home/dockimble/build/pylith/bin/nemesis config
configure:16785: result: ok
configure:16804: checking whether -lpython2.7 is a shared library
configure:16837: /home/dockimble/build/pylith/petsc/arch-linux2-c-debug/bin/mpicc -o conftest -g -O2 -I/home/dockimble/build/pylith/include/python2.7 -I/home/dockimble/build/pylith/include/python2.7 -DENABLE_HDF5 -DENABLE_CUBIT -I/home/dockimble/build/pylith/include -I/home/dockimble/build/pylith/petsc/arch-linux2-c-debug/include -L/home/dockimble/build/pylith/lib -L/home/dockimble/build/pylith/lib/python2.7/config -L/home/dockimble/build/pylith/lib -L/home/dockimble/build/pylith/petsc/arch-linux2-c-debug/lib conftest.c -lpthread -ldl -lutil -lm -lpython2.7  >&5
configure:16837: $? = 0
configure:16837: ./conftest
configure:16837: $? = 0
configure:16839: result: yes
configure:16872: checking whether we can link a trivial C++ MPI program
configure:16901: /home/dockimble/build/pylith/petsc/arch-linux2-c-debug/bin/mpicxx -o conftest -g -O2  -DENABLE_HDF5 -DENABLE_CUBIT -I/home/dockimble/build/pylith/include -I/home/dockimble/build/pylith/petsc/arch-linux2-c-debug/include -L/home/dockimble/build/pylith/lib -L/home/dockimble/build/pylith/petsc/arch-linux2-c-debug/lib conftest.cpp   >&5
configure:16901: $? = 0
configure:16904: result: yes
configure:16995: checking for PETSc dir
configure:17014: result: /home/dockimble/build/pylith/petsc
configure:17020: checking for PETSc arch
configure:17046: result: arch-linux2-c-debug
configure:17049: checking for PETSc config
configure:17134: result: /home/dockimble/build/pylith/petsc/arch-linux2-c-debug/lib/petsc/conf/petscvariables
configure:17137: checking for PETSc version == 3.12.2
configure:17185: /home/dockimble/build/pylith/bin/nemesis petsc.py >conftest.sh 2>&5
configure:17188: $? = 0
configure:17210: result: yes
configure:17244: checking for PetscInitialize
configure:17244: /home/dockimble/build/pylith/petsc/arch-linux2-c-debug/bin/mpicc -o conftest -g -O2   -DENABLE_HDF5 -DENABLE_CUBIT -I/home/dockimble/build/pylith/include -I/home/dockimble/build/pylith/petsc/arch-linux2-c-debug/include -L/home/dockimble/build/pylith/lib -L/home/dockimble/build/pylith/petsc/arch-linux2-c-debug/lib conftest.c -L/home/dockimble/build/pylith/petsc/arch-linux2-c-debug/lib -Wl,-rpath,/home/dockimble/build/pylith/petsc/arch-linux2-c-debug/lib -L/home/dockimble/build/pylith/petsc/arch-linux2-c-debug/lib -lpetsc -lml -llapack -lblas -lpthread -lexodus -lnetcdf -lpnetcdf -lhdf5_hl -lhdf5 -lchaco -lparmetis -lmetis -ltriangle -lm -lz -lX11 -lctetgen -lstdc++ -ldl  >&5
configure:17244: $? = 0
configure:17244: result: yes
configure:17341: checking for petsc.h
configure:17356: /home/dockimble/build/pylith/petsc/arch-linux2-c-debug/bin/mpicc -c -g -O2 -I/home/dockimble/build/pylith/petsc/include -I/home/dockimble/build/pylith/petsc/arch-linux2-c-debug/include -I/home/dockimble/build/pylith/petsc/arch-linux2-c-debug/include/eigen3   -DENABLE_HDF5 -DENABLE_CUBIT -I/home/dockimble/build/pylith/include -I/home/dockimble/build/pylith/petsc/arch-linux2-c-debug/include conftest.c >&5
configure:17356: $? = 0
configure:17358: result: yes
configure:17458: checking for PetscInitialize
configure:17458: result: yes
configure:17555: checking for special C compiler options needed for large files
configure:17600: result: no
configure:17606: checking for _FILE_OFFSET_BITS value needed for large files
configure:17631: /home/dockimble/build/pylith/petsc/arch-linux2-c-debug/bin/mpicc -c -g -O2   -DENABLE_HDF5 -DENABLE_CUBIT -I/home/dockimble/build/pylith/include -I/home/dockimble/build/pylith/petsc/arch-linux2-c-debug/include conftest.c >&5
configure:17631: $? = 0
configure:17663: result: no
configure:17752: checking for numpy python module
configure:17756: result: found
configure:17767: checking for numpy include directory
configure:17774: result: /home/dockimble/build/pylith/lib/python2.7/site-packages/numpy/core/include
configure:17785: checking for swig
configure:17803: found /home/dockimble/build/pylith/bin/swig
configure:17815: result: /home/dockimble/build/pylith/bin/swig
configure:17830: checking for SWIG version
configure:17833: result: 3.0.2
configure:17955: checking cppunit/TestRunner.h usability
configure:17955: /home/dockimble/build/pylith/petsc/arch-linux2-c-debug/bin/mpicxx -c -g -O2   -DENABLE_HDF5 -DENABLE_CUBIT -I/home/dockimble/build/pylith/include -I/home/dockimble/build/pylith/petsc/arch-linux2-c-debug/include conftest.cpp >&5
configure:17955: $? = 0
configure:17955: result: yes
configure:17955: checking cppunit/TestRunner.h presence
configure:17955: /home/dockimble/build/pylith/petsc/arch-linux2-c-debug/bin/mpicxx -E   -DENABLE_HDF5 -DENABLE_CUBIT -I/home/dockimble/build/pylith/include -I/home/dockimble/build/pylith/petsc/arch-linux2-c-debug/include conftest.cpp
configure:17955: $? = 0
configure:17955: result: yes
configure:17955: checking for cppunit/TestRunner.h
configure:17955: result: yes
configure:17973: checking for CppUnit::TestRunner in -lcppunit
configure:17986: /home/dockimble/build/pylith/petsc/arch-linux2-c-debug/bin/mpicxx -c -g -O2   -DENABLE_HDF5 -DENABLE_CUBIT -I/home/dockimble/build/pylith/include -I/home/dockimble/build/pylith/petsc/arch-linux2-c-debug/include conftest.cpp >&5
configure:17986: $? = 0
configure:17987: result: yes
configure:18053: checking for nc-config
configure:18071: found /usr/bin/nc-config
configure:18083: result: /usr/bin/nc-config
configure:18256: checking for NetCDF4 libraries
configure:18301: result: yes (version 4.6.0)
configure:18321: checking netcdf.h usability
configure:18321: /home/dockimble/build/pylith/petsc/arch-linux2-c-debug/bin/mpicxx -c -g -O2   -DENABLE_HDF5 -DENABLE_CUBIT -I/home/dockimble/build/pylith/include -I/home/dockimble/build/pylith/petsc/arch-linux2-c-debug/include conftest.cpp >&5
configure:18321: $? = 0
configure:18321: result: yes
configure:18321: checking netcdf.h presence
configure:18321: /home/dockimble/build/pylith/petsc/arch-linux2-c-debug/bin/mpicxx -E   -DENABLE_HDF5 -DENABLE_CUBIT -I/home/dockimble/build/pylith/include -I/home/dockimble/build/pylith/petsc/arch-linux2-c-debug/include conftest.cpp
configure:18321: $? = 0
configure:18321: result: yes
configure:18321: checking for netcdf.h
configure:18321: result: yes
configure:18329: checking for nc_create in -lnetcdf
configure:18354: /home/dockimble/build/pylith/petsc/arch-linux2-c-debug/bin/mpicxx -o conftest -g -O2   -DENABLE_HDF5 -DENABLE_CUBIT -I/home/dockimble/build/pylith/include -I/home/dockimble/build/pylith/petsc/arch-linux2-c-debug/include -L/usr/lib/x86_64-linux-gnu/hdf5/serial -L/usr/lib/x86_64-linux-gnu  conftest.cpp -lnetcdf  -lcurl -lm -ldl -lz -lsz -lpthread -lhdf5_hl -lnetcdf  >&5
configure:18354: $? = 0
configure:18363: result: yes
configure:18383: checking for matching NetCDF4 Fortran libraries
configure:18387: result: no
configure:18500: checking hdf5.h usability
configure:18500: /home/dockimble/build/pylith/petsc/arch-linux2-c-debug/bin/mpicxx -c -g -O2   -DENABLE_HDF5 -DENABLE_CUBIT -I/home/dockimble/build/pylith/include -I/home/dockimble/build/pylith/petsc/arch-linux2-c-debug/include conftest.cpp >&5
configure:18500: $? = 0
configure:18500: result: yes
configure:18500: checking hdf5.h presence
configure:18500: /home/dockimble/build/pylith/petsc/arch-linux2-c-debug/bin/mpicxx -E   -DENABLE_HDF5 -DENABLE_CUBIT -I/home/dockimble/build/pylith/include -I/home/dockimble/build/pylith/petsc/arch-linux2-c-debug/include conftest.cpp
configure:18500: $? = 0
configure:18500: result: yes
configure:18500: checking for hdf5.h
configure:18500: result: yes
configure:18518: checking for H5Fopen in -lhdf5
configure:18531: /home/dockimble/build/pylith/petsc/arch-linux2-c-debug/bin/mpicxx -c -g -O2   -DENABLE_HDF5 -DENABLE_CUBIT -I/home/dockimble/build/pylith/include -I/home/dockimble/build/pylith/petsc/arch-linux2-c-debug/include conftest.cpp >&5
configure:18531: $? = 0
configure:18532: result: yes
configure:18549: checking for library containing H5Pset_dxpl_mpio
configure:18580: /home/dockimble/build/pylith/petsc/arch-linux2-c-debug/bin/mpicxx -o conftest -g -O2   -DENABLE_HDF5 -DENABLE_CUBIT -I/home/dockimble/build/pylith/include -I/home/dockimble/build/pylith/petsc/arch-linux2-c-debug/include -L/home/dockimble/build/pylith/lib -L/home/dockimble/build/pylith/petsc/arch-linux2-c-debug/lib conftest.cpp  >&5
/tmp/cc7l3EI7.o: In function `main':
/home/dockimble/build/pylith/pylith/conftest.cpp:36: undefined reference to `H5Pset_dxpl_mpio'
collect2: error: ld returned 1 exit status
configure:18580: $? = 1
configure: failed program was:
| /* confdefs.h */
| #define PACKAGE_NAME "PyLith"
| #define PACKAGE_TARNAME "pylith"
| #define PACKAGE_VERSION "3.0.0beta2"
| #define PACKAGE_STRING "PyLith 3.0.0beta2"
| #define PACKAGE_BUGREPORT "cig-short@geodynamics.org"
| #define PACKAGE_URL ""
| #define PACKAGE "pylith"
| #define VERSION "3.0.0beta2"
| #define STDC_HEADERS 1
| #define HAVE_SYS_TYPES_H 1
| #define HAVE_SYS_STAT_H 1
| #define HAVE_STDLIB_H 1
| #define HAVE_STRING_H 1
| #define HAVE_MEMORY_H 1
| #define HAVE_STRINGS_H 1
| #define HAVE_INTTYPES_H 1
| #define HAVE_STDINT_H 1
| #define HAVE_UNISTD_H 1
| #define HAVE_DLFCN_H 1
| #define LT_OBJDIR ".libs/"
| #define NETCDF4_VERSION "4.6.0"
| #define HAVE_NETCDF4 1
| /* end confdefs.h.  */
| 
| /* Override any GCC internal prototype to avoid an error.
|    Use char because int might match the return type of a GCC
|    builtin and then its argument prototype would still apply.  */
| #ifdef __cplusplus
| extern "C"
| #endif
| char H5Pset_dxpl_mpio ();
| int
| main ()
| {
| return H5Pset_dxpl_mpio ();
|   ;
|   return 0;
| }
configure:18580: /home/dockimble/build/pylith/petsc/arch-linux2-c-debug/bin/mpicxx -o conftest -g -O2   -DENABLE_HDF5 -DENABLE_CUBIT -I/home/dockimble/build/pylith/include -I/home/dockimble/build/pylith/petsc/arch-linux2-c-debug/include -L/home/dockimble/build/pylith/lib -L/home/dockimble/build/pylith/petsc/arch-linux2-c-debug/lib conftest.cpp -lhdf5   >&5
configure:18580: $? = 0
configure:18597: result: -lhdf5
configure:18678: checking for python version
configure:18685: result: 2.7
configure:18697: checking for python platform
configure:18704: result: linux2
configure:18730: checking for python script directory
configure:18765: result: ${prefix}/lib/python2.7/site-packages
configure:18774: checking for python extension module directory
configure:18809: result: ${exec_prefix}/lib/python2.7/site-packages
configure:18822: checking for python module h5py for full scale testing
configure:18826: result: found h5py, enabling full scale testing
configure:18866: checking proj_api.h usability
configure:18866: /home/dockimble/build/pylith/petsc/arch-linux2-c-debug/bin/mpicc -c    -DENABLE_HDF5 -DENABLE_CUBIT -I/home/dockimble/build/pylith/include -I/home/dockimble/build/pylith/petsc/arch-linux2-c-debug/include conftest.c >&5
configure:18866: $? = 0
configure:18866: result: yes
configure:18866: checking proj_api.h presence
configure:18866: /home/dockimble/build/pylith/petsc/arch-linux2-c-debug/bin/mpicc -E   -DENABLE_HDF5 -DENABLE_CUBIT -I/home/dockimble/build/pylith/include -I/home/dockimble/build/pylith/petsc/arch-linux2-c-debug/include conftest.c
configure:18866: $? = 0
configure:18866: result: yes
configure:18866: checking for proj_api.h
configure:18866: result: yes
configure:18883: checking for pj_init_plus in -lproj
configure:18908: /home/dockimble/build/pylith/petsc/arch-linux2-c-debug/bin/mpicc -o conftest    -DENABLE_HDF5 -DENABLE_CUBIT -I/home/dockimble/build/pylith/include -I/home/dockimble/build/pylith/petsc/arch-linux2-c-debug/include -L/home/dockimble/build/pylith/lib -L/home/dockimble/build/pylith/petsc/arch-linux2-c-debug/lib conftest.c -lproj  -lhdf5  >&5
configure:18908: $? = 0
configure:18917: result: yes
configure:18936: checking for python module pyre
configure:18941: result: found /home/dockimble/build/pylith/lib/python2.7/site-packages/pythia-0.8.1.18-py2.7.egg/pyre/__init__.pyc
configure:18950: checking for pyre version
configure:18971: result: 0.8.1
configure:18985: checking for python module journal
configure:18990: result: found /home/dockimble/build/pylith/lib/python2.7/site-packages/pythia-0.8.1.18-py2.7.egg/journal/__init__.pyc
configure:18999: checking for journal version
configure:19020: result: 0.8.1
configure:19051: checking spatialdata/spatialdb/SpatialDB.hh usability
configure:19051: /home/dockimble/build/pylith/petsc/arch-linux2-c-debug/bin/mpicxx -c -g -O2   -DENABLE_HDF5 -DENABLE_CUBIT -I/home/dockimble/build/pylith/include -I/home/dockimble/build/pylith/petsc/arch-linux2-c-debug/include conftest.cpp >&5
configure:19051: $? = 0
configure:19051: result: yes
configure:19051: checking spatialdata/spatialdb/SpatialDB.hh presence
configure:19051: /home/dockimble/build/pylith/petsc/arch-linux2-c-debug/bin/mpicxx -E   -DENABLE_HDF5 -DENABLE_CUBIT -I/home/dockimble/build/pylith/include -I/home/dockimble/build/pylith/petsc/arch-linux2-c-debug/include conftest.cpp
configure:19051: $? = 0
configure:19051: result: yes
configure:19051: checking for spatialdata/spatialdb/SpatialDB.hh
configure:19051: result: yes
configure:19069: checking for SimpleDB in -lspatialdata
configure:19083: /home/dockimble/build/pylith/petsc/arch-linux2-c-debug/bin/mpicxx -c -g -O2   -DENABLE_HDF5 -DENABLE_CUBIT -I/home/dockimble/build/pylith/include -I/home/dockimble/build/pylith/petsc/arch-linux2-c-debug/include conftest.cpp >&5
configure:19083: $? = 0
configure:19084: result: yes
configure:19095: checking for python module spatialdata
configure:19100: result: found /home/dockimble/build/pylith/lib/python2.7/site-packages/spatialdata/__init__.pyc
configure:19109: checking for spatialdata version
configure:19130: result: 1.10.1
configure:19198: checking whether C++ compiler defines __PRETTY_FUNCTION__
configure:19211: /home/dockimble/build/pylith/petsc/arch-linux2-c-debug/bin/mpicxx -c -g -O2   -DENABLE_HDF5 -DENABLE_CUBIT -I/home/dockimble/build/pylith/include -I/home/dockimble/build/pylith/petsc/arch-linux2-c-debug/include conftest.cpp >&5
configure:19211: $? = 0
configure:19212: result: yes
configure:19284: checking for .git/config
configure:19297: result: yes
configure:19356: checking whether byte ordering is bigendian
configure:19371: /home/dockimble/build/pylith/petsc/arch-linux2-c-debug/bin/mpicxx -c -g -O2   -DENABLE_HDF5 -DENABLE_CUBIT -I/home/dockimble/build/pylith/include -I/home/dockimble/build/pylith/petsc/arch-linux2-c-debug/include conftest.cpp >&5
conftest.cpp:35:9: error: expected unqualified-id before 'not' token
         not a universal capable compiler
         ^~~
configure:19371: $? = 1
configure: failed program was:
| /* confdefs.h */
| #define PACKAGE_NAME "PyLith"
| #define PACKAGE_TARNAME "pylith"
| #define PACKAGE_VERSION "3.0.0beta2"
| #define PACKAGE_STRING "PyLith 3.0.0beta2"
| #define PACKAGE_BUGREPORT "cig-short@geodynamics.org"
| #define PACKAGE_URL ""
| #define PACKAGE "pylith"
| #define VERSION "3.0.0beta2"
| #define STDC_HEADERS 1
| #define HAVE_SYS_TYPES_H 1
| #define HAVE_SYS_STAT_H 1
| #define HAVE_STDLIB_H 1
| #define HAVE_STRING_H 1
| #define HAVE_MEMORY_H 1
| #define HAVE_STRINGS_H 1
| #define HAVE_INTTYPES_H 1
| #define HAVE_STDINT_H 1
| #define HAVE_UNISTD_H 1
| #define HAVE_DLFCN_H 1
| #define LT_OBJDIR ".libs/"
| #define NETCDF4_VERSION "4.6.0"
| #define HAVE_NETCDF4 1
| #define HAVE_LIBPROJ 1
| #define __FUNCTION_NAME__ __PRETTY_FUNCTION__
| #define PYLITH_RELEASE_VERSION 0
| #define PYLITH_GIT_REVISION "v3.0.0beta2-153-gf51b16361"
| #define PYLITH_GIT_HASH "f51b16361c814a27c46683e9fdfa9dcf7a2b1d62"
| #define PYLITH_GIT_DATE "2020-01-28 14:13:47 -0500"
| #define PYLITH_GIT_BRANCH "rlwalker/feature-poroelasticity"
| #define PYLITH_VERSION "3.0.0beta2"
| #define PYLITH_DOI "10.5281/zenodo.886600"
| /* end confdefs.h.  */
| #ifndef __APPLE_CC__
| 	       not a universal capable compiler
| 	     #endif
| 	     typedef int dummy;
| 
configure:19416: /home/dockimble/build/pylith/petsc/arch-linux2-c-debug/bin/mpicxx -c -g -O2   -DENABLE_HDF5 -DENABLE_CUBIT -I/home/dockimble/build/pylith/include -I/home/dockimble/build/pylith/petsc/arch-linux2-c-debug/include conftest.cpp >&5
configure:19416: $? = 0
configure:19434: /home/dockimble/build/pylith/petsc/arch-linux2-c-debug/bin/mpicxx -c -g -O2   -DENABLE_HDF5 -DENABLE_CUBIT -I/home/dockimble/build/pylith/include -I/home/dockimble/build/pylith/petsc/arch-linux2-c-debug/include conftest.cpp >&5
conftest.cpp: In function 'int main()':
conftest.cpp:41:8: error: 'big' was not declared in this scope
    not big endian
        ^~~
configure:19434: $? = 1
configure: failed program was:
| /* confdefs.h */
| #define PACKAGE_NAME "PyLith"
| #define PACKAGE_TARNAME "pylith"
| #define PACKAGE_VERSION "3.0.0beta2"
| #define PACKAGE_STRING "PyLith 3.0.0beta2"
| #define PACKAGE_BUGREPORT "cig-short@geodynamics.org"
| #define PACKAGE_URL ""
| #define PACKAGE "pylith"
| #define VERSION "3.0.0beta2"
| #define STDC_HEADERS 1
| #define HAVE_SYS_TYPES_H 1
| #define HAVE_SYS_STAT_H 1
| #define HAVE_STDLIB_H 1
| #define HAVE_STRING_H 1
| #define HAVE_MEMORY_H 1
| #define HAVE_STRINGS_H 1
| #define HAVE_INTTYPES_H 1
| #define HAVE_STDINT_H 1
| #define HAVE_UNISTD_H 1
| #define HAVE_DLFCN_H 1
| #define LT_OBJDIR ".libs/"
| #define NETCDF4_VERSION "4.6.0"
| #define HAVE_NETCDF4 1
| #define HAVE_LIBPROJ 1
| #define __FUNCTION_NAME__ __PRETTY_FUNCTION__
| #define PYLITH_RELEASE_VERSION 0
| #define PYLITH_GIT_REVISION "v3.0.0beta2-153-gf51b16361"
| #define PYLITH_GIT_HASH "f51b16361c814a27c46683e9fdfa9dcf7a2b1d62"
| #define PYLITH_GIT_DATE "2020-01-28 14:13:47 -0500"
| #define PYLITH_GIT_BRANCH "rlwalker/feature-poroelasticity"
| #define PYLITH_VERSION "3.0.0beta2"
| #define PYLITH_DOI "10.5281/zenodo.886600"
| /* end confdefs.h.  */
| #include <sys/types.h>
| 		#include <sys/param.h>
| 
| int
| main ()
| {
| #if BYTE_ORDER != BIG_ENDIAN
| 		 not big endian
| 		#endif
| 
|   ;
|   return 0;
| }
configure:19562: result: no
configure:19694: checking that generated files are newer than configure
configure:19700: result: done
configure:19756: creating ./config.status

## ---------------------- ##
## Running config.status. ##
## ---------------------- ##

This file was extended by PyLith config.status 3.0.0beta2, which was
generated by GNU Autoconf 2.69.  Invocation command line was

  CONFIG_FILES    = 
  CONFIG_HEADERS  = 
  CONFIG_LINKS    = 
  CONFIG_COMMANDS = 
  $ ./config.status 

on flattop

config.status:1337: creating Makefile
config.status:1337: creating pylith/Makefile
config.status:1337: creating libsrc/Makefile
config.status:1337: creating libsrc/pylith/Makefile
config.status:1337: creating libsrc/pylith/bc/Makefile
config.status:1337: creating libsrc/pylith/feassemble/Makefile
config.status:1337: creating libsrc/pylith/fekernels/Makefile
config.status:1337: creating libsrc/pylith/faults/Makefile
config.status:1337: creating libsrc/pylith/friction/Makefile
config.status:1337: creating libsrc/pylith/materials/Makefile
config.status:1337: creating libsrc/pylith/meshio/Makefile
config.status:1337: creating libsrc/pylith/problems/Makefile
config.status:1337: creating libsrc/pylith/testing/Makefile
config.status:1337: creating libsrc/pylith/topology/Makefile
config.status:1337: creating libsrc/pylith/utils/Makefile
config.status:1337: creating modulesrc/Makefile
config.status:1337: creating modulesrc/include/Makefile
config.status:1337: creating modulesrc/bc/Makefile
config.status:1337: creating modulesrc/faults/Makefile
config.status:1337: creating modulesrc/feassemble/Makefile
config.status:1337: creating modulesrc/friction/Makefile
config.status:1337: creating modulesrc/materials/Makefile
config.status:1337: creating modulesrc/meshio/Makefile
config.status:1337: creating modulesrc/mpi/Makefile
config.status:1337: creating modulesrc/problems/Makefile
config.status:1337: creating modulesrc/topology/Makefile
config.status:1337: creating modulesrc/utils/Makefile
config.status:1337: creating applications/Makefile
config.status:1337: creating applications/utilities/Makefile
config.status:1337: creating tests/Makefile
config.status:1337: creating tests/libtests/Makefile
config.status:1337: creating tests/libtests/bc/Makefile
config.status:1337: creating tests/libtests/bc/data/Makefile
config.status:1337: creating tests/libtests/faults/Makefile
config.status:1337: creating tests/libtests/faults/data/Makefile
config.status:1337: creating tests/libtests/feassemble/Makefile
config.status:1337: creating tests/libtests/feassemble/data/Makefile
config.status:1337: creating tests/libtests/friction/Makefile
config.status:1337: creating tests/libtests/friction/data/Makefile
config.status:1337: creating tests/libtests/materials/Makefile
config.status:1337: creating tests/libtests/materials/data/Makefile
config.status:1337: creating tests/libtests/meshio/Makefile
config.status:1337: creating tests/libtests/problems/Makefile
config.status:1337: creating tests/libtests/problems/data/Makefile
config.status:1337: creating tests/libtests/meshio/data/Makefile
config.status:1337: creating tests/libtests/topology/Makefile
config.status:1337: creating tests/libtests/topology/data/Makefile
config.status:1337: creating tests/libtests/testing/Makefile
config.status:1337: creating tests/libtests/utils/Makefile
config.status:1337: creating tests/pytests/Makefile
config.status:1337: creating tests/pytests/bc/Makefile
config.status:1337: creating tests/pytests/bc/data/Makefile
config.status:1337: creating tests/pytests/faults/Makefile
config.status:1337: creating tests/pytests/faults/data/Makefile
config.status:1337: creating tests/pytests/feassemble/Makefile
config.status:1337: creating tests/pytests/feassemble/data/Makefile
config.status:1337: creating tests/pytests/friction/Makefile
config.status:1337: creating tests/pytests/friction/data/Makefile
config.status:1337: creating tests/pytests/materials/Makefile
config.status:1337: creating tests/pytests/materials/data/Makefile
config.status:1337: creating tests/pytests/meshio/Makefile
config.status:1337: creating tests/pytests/meshio/data/Makefile
config.status:1337: creating tests/pytests/mpi/Makefile
config.status:1337: creating tests/pytests/problems/Makefile
config.status:1337: creating tests/pytests/problems/data/Makefile
config.status:1337: creating tests/pytests/topology/Makefile
config.status:1337: creating tests/pytests/topology/data/Makefile
config.status:1337: creating tests/pytests/utils/Makefile
config.status:1337: creating tests/mmstests/Makefile
config.status:1337: creating tests/mmstests/elasticity/Makefile
config.status:1337: creating tests/mmstests/incompressibleelasticity/Makefile
config.status:1337: creating tests/mmstests/faults/Makefile
config.status:1337: creating tests/fullscale/Makefile
config.status:1337: creating tests/fullscale/linearelasticity/Makefile
config.status:1337: creating tests/fullscale/linearelasticity/nofaults-2d/Makefile
config.status:1337: creating tests/fullscale/linearelasticity/nofaults-3d/Makefile
config.status:1337: creating tests/fullscale/linearelasticity/faults-2d/Makefile
config.status:1337: creating tests/fullscale/petsc/Makefile
config.status:1337: creating tests/fullscale/eqinfo/Makefile
config.status:1337: creating developer/Makefile
config.status:1337: creating doc/Makefile
config.status:1337: creating doc/install/Makefile
config.status:1337: creating doc/releasenotes/Makefile
config.status:1337: creating doc/userguide/Makefile
config.status:1337: creating examples/Makefile
config.status:1337: creating examples/2d/Makefile
config.status:1337: creating examples/2d/box/Makefile
config.status:1337: creating examples/2d/strikeslip/Makefile
config.status:1337: creating examples/2d/reverse/Makefile
config.status:1337: creating examples/2d/subduction/Makefile
config.status:1337: creating examples/3d/Makefile
config.status:1337: creating examples/3d/box/Makefile
config.status:1337: creating examples/3d/subduction/Makefile
config.status:1337: creating examples/bar_shearwave/Makefile
config.status:1337: creating examples/meshing/Makefile
config.status:1337: creating examples/meshing/surface_nurbs/Makefile
config.status:1337: creating examples/meshing/surface_nurbs/dem/Makefile
config.status:1337: creating examples/meshing/surface_nurbs/dem/ulines/Makefile
config.status:1337: creating examples/meshing/surface_nurbs/dem/vlines/Makefile
config.status:1337: creating examples/meshing/surface_nurbs/triangles/Makefile
config.status:1337: creating examples/meshing/surface_nurbs/merge_surfs/Makefile
config.status:1337: creating examples/meshing/surface_nurbs/subduction/Makefile
config.status:1337: creating examples/meshing/cubit_cellsize/Makefile
config.status:1337: creating examples/troubleshooting/Makefile
config.status:1337: creating examples/troubleshooting/nofaults-2d/Makefile
config.status:1337: creating templates/Makefile
config.status:1337: creating share/Makefile
config.status:1337: creating portinfo
config.status:1566: executing depfiles commands
config.status:1566: executing libtool commands

## ---------------- ##
## Cache variables. ##
## ---------------- ##

_cv_PYTHON_INCDIR=/home/dockimble/build/pylith/include/python2.7
_cv_numpy_incdir=/home/dockimble/build/pylith/lib/python2.7/site-packages/numpy/core/include
ac_cv_build=x86_64-pc-linux-gnu
ac_cv_c_bigendian=no
ac_cv_c_compiler_gnu=yes
ac_cv_cxx_compiler_gnu=yes
ac_cv_env_CCC_set=
ac_cv_env_CCC_value=
ac_cv_env_CC_set=set
ac_cv_env_CC_value=/home/dockimble/build/pylith/petsc/arch-linux2-c-debug/bin/mpicc
ac_cv_env_CFLAGS_set=
ac_cv_env_CFLAGS_value=
ac_cv_env_CPPFLAGS_set=set
ac_cv_env_CPPFLAGS_value='-I/home/dockimble/build/pylith/include -I/home/dockimble/build/pylith/petsc/arch-linux2-c-debug/include'
ac_cv_env_CPP_set=
ac_cv_env_CPP_value=
ac_cv_env_CXXCPP_set=
ac_cv_env_CXXCPP_value=
ac_cv_env_CXXFLAGS_set=
ac_cv_env_CXXFLAGS_value=
ac_cv_env_CXX_set=set
ac_cv_env_CXX_value=/home/dockimble/build/pylith/petsc/arch-linux2-c-debug/bin/mpicxx
ac_cv_env_LDFLAGS_set=set
ac_cv_env_LDFLAGS_value='-L/home/dockimble/build/pylith/lib -L/home/dockimble/build/pylith/petsc/arch-linux2-c-debug/lib'
ac_cv_env_LIBS_set=
ac_cv_env_LIBS_value=
ac_cv_env_LT_SYS_LIBRARY_PATH_set=
ac_cv_env_LT_SYS_LIBRARY_PATH_value=
ac_cv_env_PETSC_ARCH_set=set
ac_cv_env_PETSC_ARCH_value=arch-linux2-c-debug
ac_cv_env_PETSC_DIR_set=set
ac_cv_env_PETSC_DIR_value=/home/dockimble/build/pylith/petsc
ac_cv_env_PYTHONPATH_set=set
ac_cv_env_PYTHONPATH_value=/home/dockimble/build/pylith/lib/python2.7/site-packages:/home/dockimble/build/pylith/lib/python2.7/site-packages:/home/dockimble/build/pylith/lib64/python2.7/site-packages:/home/dockimble/rsfsrc/lib/python2.7/dist-packages:/home/dockimble/src/seacas/lib
ac_cv_env_PYTHON_set=
ac_cv_env_PYTHON_value=
ac_cv_env_build_alias_set=
ac_cv_env_build_alias_value=
ac_cv_env_host_alias_set=
ac_cv_env_host_alias_value=
ac_cv_env_target_alias_set=
ac_cv_env_target_alias_value=
ac_cv_file__git_config=yes
ac_cv_func_PetscInitialize=yes
ac_cv_header_Python_h=yes
ac_cv_header_cppunit_TestRunner_h=yes
ac_cv_header_dlfcn_h=yes
ac_cv_header_hdf5_h=yes
ac_cv_header_inttypes_h=yes
ac_cv_header_memory_h=yes
ac_cv_header_netcdf_h=yes
ac_cv_header_proj_api_h=yes
ac_cv_header_spatialdata_spatialdb_SpatialDB_hh=yes
ac_cv_header_stdc=yes
ac_cv_header_stdint_h=yes
ac_cv_header_stdlib_h=yes
ac_cv_header_string_h=yes
ac_cv_header_strings_h=yes
ac_cv_header_sys_stat_h=yes
ac_cv_header_sys_types_h=yes
ac_cv_header_unistd_h=yes
ac_cv_host=x86_64-pc-linux-gnu
ac_cv_lib_netcdf_nc_create=yes
ac_cv_lib_proj_pj_init_plus=yes
ac_cv_libnetcdf4=yes
ac_cv_netcdf4_h=yes
ac_cv_objext=o
ac_cv_path_EGREP='/bin/grep -E'
ac_cv_path_FGREP='/bin/grep -F'
ac_cv_path_GREP=/bin/grep
ac_cv_path_NC_CONFIG=/usr/bin/nc-config
ac_cv_path_PYTHON=/home/dockimble/build/pylith/bin/nemesis
ac_cv_path_SED=/bin/sed
ac_cv_path_SWIG=/home/dockimble/build/pylith/bin/swig
ac_cv_path_install='/usr/bin/install -c'
ac_cv_path_lt_DD=/bin/dd
ac_cv_path_mkdir=/bin/mkdir
ac_cv_prog_AWK=mawk
ac_cv_prog_CPP='/home/dockimble/build/pylith/petsc/arch-linux2-c-debug/bin/mpicc -E'
ac_cv_prog_CXXCPP='/home/dockimble/build/pylith/petsc/arch-linux2-c-debug/bin/mpicxx -E'
ac_cv_prog_ac_ct_AR=ar
ac_cv_prog_ac_ct_CC=/home/dockimble/build/pylith/petsc/arch-linux2-c-debug/bin/mpicc
ac_cv_prog_ac_ct_MANIFEST_TOOL=mt
ac_cv_prog_ac_ct_OBJDUMP=objdump
ac_cv_prog_ac_ct_RANLIB=ranlib
ac_cv_prog_ac_ct_STRIP=strip
ac_cv_prog_cc_c89=
ac_cv_prog_cc_g=yes
ac_cv_prog_cxx_g=yes
ac_cv_prog_make_make_set=yes
ac_cv_search_H5Pset_dxpl_mpio=-lhdf5
ac_cv_sys_file_offset_bits=no
ac_cv_sys_largefile_CC=no
am_cv_CC_dependencies_compiler_type=gcc3
am_cv_CXX_dependencies_compiler_type=gcc3
am_cv_make_support_nested_variables=yes
am_cv_prog_cc_c_o=yes
am_cv_python_platform=linux2
am_cv_python_pyexecdir='${exec_prefix}/lib/python2.7/site-packages'
am_cv_python_pythondir='${prefix}/lib/python2.7/site-packages'
am_cv_python_version=2.7
lt_cv_ar_at_file=@
lt_cv_archive_cmds_need_lc=no
lt_cv_deplibs_check_method=pass_all
lt_cv_file_magic_cmd='$MAGIC_CMD'
lt_cv_file_magic_test_file=
lt_cv_ld_reload_flag=-r
lt_cv_nm_interface='BSD nm'
lt_cv_objdir=.libs
lt_cv_path_LD=/usr/bin/ld
lt_cv_path_LDCXX='/usr/bin/ld -m elf_x86_64'
lt_cv_path_NM='/usr/bin/nm -B'
lt_cv_path_mainfest_tool=no
lt_cv_prog_compiler_c_o=yes
lt_cv_prog_compiler_c_o_CXX=yes
lt_cv_prog_compiler_pic='-fPIC -DPIC'
lt_cv_prog_compiler_pic_CXX='-fPIC -DPIC'
lt_cv_prog_compiler_pic_works=yes
lt_cv_prog_compiler_pic_works_CXX=yes
lt_cv_prog_compiler_rtti_exceptions=no
lt_cv_prog_compiler_static_works=yes
lt_cv_prog_compiler_static_works_CXX=yes
lt_cv_prog_gnu_ld=yes
lt_cv_prog_gnu_ldcxx=yes
lt_cv_sharedlib_from_linklib_cmd='printf %s\n'
lt_cv_shlibpath_overrides_runpath=yes
lt_cv_sys_global_symbol_pipe='sed -n -e '\''s/^.*[	 ]\([ABCDGIRSTW][ABCDGIRSTW]*\)[	 ][	 ]*\([_A-Za-z][_A-Za-z0-9]*\)$/\1 \2 \2/p'\'' | sed '\''/ __gnu_lto/d'\'''
lt_cv_sys_global_symbol_to_c_name_address='sed -n -e '\''s/^: \(.*\) .*$/  {"\1", (void *) 0},/p'\'' -e '\''s/^[ABCDGIRSTW][ABCDGIRSTW]* .* \(.*\)$/  {"\1", (void *) \&\1},/p'\'''
lt_cv_sys_global_symbol_to_c_name_address_lib_prefix='sed -n -e '\''s/^: \(.*\) .*$/  {"\1", (void *) 0},/p'\'' -e '\''s/^[ABCDGIRSTW][ABCDGIRSTW]* .* \(lib.*\)$/  {"\1", (void *) \&\1},/p'\'' -e '\''s/^[ABCDGIRSTW][ABCDGIRSTW]* .* \(.*\)$/  {"lib\1", (void *) \&\1},/p'\'''
lt_cv_sys_global_symbol_to_cdecl='sed -n -e '\''s/^T .* \(.*\)$/extern int \1();/p'\'' -e '\''s/^[ABCDGIRSTW][ABCDGIRSTW]* .* \(.*\)$/extern char \1;/p'\'''
lt_cv_sys_global_symbol_to_import=
lt_cv_sys_max_cmd_len=1572864
lt_cv_to_host_file_cmd=func_convert_file_noop
lt_cv_to_tool_file_cmd=func_convert_file_noop
lt_cv_truncate_bin='/bin/dd bs=4096 count=1'

## ----------------- ##
## Output variables. ##
## ----------------- ##

ACLOCAL='${SHELL} /home/dockimble/build/pylith/pylith/aux-config/missing aclocal-1.15'
AMDEPBACKSLASH='\'
AMDEP_FALSE='#'
AMDEP_TRUE=''
AMTAR='$${TAR-tar}'
AM_BACKSLASH='\'
AM_DEFAULT_V='$(AM_DEFAULT_VERBOSITY)'
AM_DEFAULT_VERBOSITY='1'
AM_V='$(V)'
AR='ar'
AUTOCONF='${SHELL} /home/dockimble/build/pylith/pylith/aux-config/missing autoconf'
AUTOHEADER='${SHELL} /home/dockimble/build/pylith/pylith/aux-config/missing autoheader'
AUTOMAKE='${SHELL} /home/dockimble/build/pylith/pylith/aux-config/missing automake-1.15'
AWK='mawk'
CC='/home/dockimble/build/pylith/petsc/arch-linux2-c-debug/bin/mpicc'
CCDEPMODE='depmode=gcc3'
CFLAGS=''
CPP='/home/dockimble/build/pylith/petsc/arch-linux2-c-debug/bin/mpicc -E'
CPPFLAGS='  -DENABLE_HDF5 -DENABLE_CUBIT -I/home/dockimble/build/pylith/include -I/home/dockimble/build/pylith/petsc/arch-linux2-c-debug/include'
CXX='/home/dockimble/build/pylith/petsc/arch-linux2-c-debug/bin/mpicxx'
CXXCPP='/home/dockimble/build/pylith/petsc/arch-linux2-c-debug/bin/mpicxx -E'
CXXDEPMODE='depmode=gcc3'
CXXFLAGS='-g -O2'
CYGPATH_W='echo'
DEFS='-DHAVE_CONFIG_H'
DEPDIR='.deps'
DLLTOOL='false'
DSYMUTIL=''
DUMPBIN=''
ECHO_C=''
ECHO_N='-n'
ECHO_T=''
EGREP='/bin/grep -E'
ENABLE_CUBIT_FALSE='#'
ENABLE_CUBIT_TRUE=''
ENABLE_DOCUMENTATION_FALSE=''
ENABLE_DOCUMENTATION_TRUE='#'
ENABLE_FULL_TESTING_FALSE='#'
ENABLE_FULL_TESTING_TRUE=''
ENABLE_HDF5_FALSE='#'
ENABLE_HDF5_TRUE=''
ENABLE_SWIG_FALSE='#'
ENABLE_SWIG_TRUE=''
ENABLE_TESTING_FALSE='#'
ENABLE_TESTING_TRUE=''
EXEEXT=''
FGREP='/bin/grep -F'
GREP='/bin/grep'
INSTALL_DATA='${INSTALL} -m 644'
INSTALL_PROGRAM='${INSTALL}'
INSTALL_SCRIPT='${INSTALL}'
INSTALL_STRIP_PROGRAM='$(install_sh) -c -s'
LD='/usr/bin/ld -m elf_x86_64'
LDFLAGS='-L/home/dockimble/build/pylith/lib -L/home/dockimble/build/pylith/petsc/arch-linux2-c-debug/lib'
LIBOBJS=''
LIBS='-lproj -lhdf5 '
LIBTOOL='$(SHELL) $(top_builddir)/libtool'
LIPO=''
LN_S='ln -s'
LTLIBOBJS=''
LT_SYS_LIBRARY_PATH=''
MAKEINFO='${SHELL} /home/dockimble/build/pylith/pylith/aux-config/missing makeinfo'
MANIFEST_TOOL=':'
MKDIR_P='/bin/mkdir -p'
NC_CONFIG='/usr/bin/nc-config'
NETCDF4_CC='/usr/bin/cc'
NETCDF4_CFLAGS='-I/usr/include -I/usr/include/hdf5/serial'
NETCDF4_FC=''
NETCDF4_FFLAGS=''
NETCDF4_FLIBS=''
NETCDF4_LDFLAGS='-L/usr/lib/x86_64-linux-gnu/hdf5/serial -L/usr/lib/x86_64-linux-gnu '
NETCDF4_LIBS='-lcurl -lm -ldl -lz -lsz -lpthread -lhdf5_hl -lnetcdf '
NETCDF4_VERSION='4.6.0'
NM='/usr/bin/nm -B'
NMEDIT=''
NUMPY_INCDIR='/home/dockimble/build/pylith/lib/python2.7/site-packages/numpy/core/include'
OBJDUMP='objdump'
OBJEXT='o'
OTOOL64=''
OTOOL=''
PACKAGE='pylith'
PACKAGE_BUGREPORT='cig-short@geodynamics.org'
PACKAGE_NAME='PyLith'
PACKAGE_STRING='PyLith 3.0.0beta2'
PACKAGE_TARNAME='pylith'
PACKAGE_URL=''
PACKAGE_VERSION='3.0.0beta2'
PATH_SEPARATOR=':'
PETSC_ARCH='arch-linux2-c-debug'
PETSC_CC='/home/dockimble/build/pylith/petsc/arch-linux2-c-debug/bin/mpicc'
PETSC_CC_INCLUDES='-I/home/dockimble/build/pylith/petsc/include -I/home/dockimble/build/pylith/petsc/arch-linux2-c-debug/include -I/home/dockimble/build/pylith/petsc/arch-linux2-c-debug/include/eigen3'
PETSC_CXX='/home/dockimble/build/pylith/petsc/arch-linux2-c-debug/bin/mpicxx'
PETSC_CXX_INCLUDE=''
PETSC_CXX_LIB=''
PETSC_DIR='/home/dockimble/build/pylith/petsc'
PETSC_FC=''
PETSC_FC_INCLUDES=''
PETSC_FORTRAN_LIB=''
PETSC_LIB='-L/home/dockimble/build/pylith/petsc/arch-linux2-c-debug/lib -Wl,-rpath,/home/dockimble/build/pylith/petsc/arch-linux2-c-debug/lib -L/home/dockimble/build/pylith/petsc/arch-linux2-c-debug/lib -lpetsc -lml -llapack -lblas -lpthread -lexodus -lnetcdf -lpnetcdf -lhdf5_hl -lhdf5 -lchaco -lparmetis -lmetis -ltriangle -lm -lz -lX11 -lctetgen -lstdc++ -ldl'
PETSC_MPI_INCLUDE='-I/home/dockimble/build/pylith/petsc/arch-linux2-c-debug/include'
PETSC_MPI_LIB=''
PETSC_SIEVE_FLAGS=''
PETSC_VERSION_MAJOR='3'
PETSC_VERSION_MINOR='12'
PETSC_VERSION_SUBMINOR='2'
PYLITH_SWIG_CPPFLAGS='-DENABLE_HDF5 -DENABLE_CUBIT '
PYTHON='/home/dockimble/build/pylith/bin/nemesis'
PYTHONPATH='/home/dockimble/build/pylith/lib/python2.7/site-packages:/home/dockimble/build/pylith/lib/python2.7/site-packages:/home/dockimble/build/pylith/lib64/python2.7/site-packages:/home/dockimble/rsfsrc/lib/python2.7/dist-packages:/home/dockimble/src/seacas/lib'
PYTHON_BLDLIBRARY='-L/home/dockimble/build/pylith/lib -L/home/dockimble/build/pylith/lib/python2.7/config -lpython2.7'
PYTHON_CPPFLAGS='-I/home/dockimble/build/pylith/include/python2.7 -I/home/dockimble/build/pylith/include/python2.7'
PYTHON_EGG_CPPFLAGS='-I/home/dockimble/build/pylith/lib/python2.7/site-packages/pythia-0.8.1.18-py2.7.egg/'
PYTHON_EXEC_PREFIX='${exec_prefix}'
PYTHON_INCDIR='/home/dockimble/build/pylith/include/python2.7'
PYTHON_LA_LDFLAGS=''
PYTHON_LDFLAGS='-L/home/dockimble/build/pylith/lib -L/home/dockimble/build/pylith/lib/python2.7/config'
PYTHON_LDLAST=''
PYTHON_LDLIBRARY='libpython2.7.so'
PYTHON_LIBDIR='/home/dockimble/build/pylith/lib'
PYTHON_LIBP='/home/dockimble/build/pylith/lib/python2.7'
PYTHON_LIBPL='/home/dockimble/build/pylith/lib/python2.7/config'
PYTHON_LIBS='-lpthread -ldl -lutil -lm -lpython2.7'
PYTHON_LINKFORSHARED='-Xlinker -export-dynamic'
PYTHON_MODLIBS=''
PYTHON_PLATFORM='linux2'
PYTHON_PREFIX='${prefix}'
PYTHON_SYSLIBS='-lm'
PYTHON_VERSION='2.7'
RANLIB='ranlib'
SED='/bin/sed'
SET_MAKE=''
SHELL='/bin/bash'
STRIP='strip'
SWIG='/home/dockimble/build/pylith/bin/swig'
SWIG_LIB=''
VERSION='3.0.0beta2'
_cv_PYTHON_INCDIR='/home/dockimble/build/pylith/include/python2.7'
ac_ct_AR='ar'
ac_ct_CC='/home/dockimble/build/pylith/petsc/arch-linux2-c-debug/bin/mpicc'
ac_ct_CXX=''
ac_ct_DUMPBIN=''
am__EXEEXT_FALSE=''
am__EXEEXT_TRUE='#'
am__fastdepCC_FALSE='#'
am__fastdepCC_TRUE=''
am__fastdepCXX_FALSE='#'
am__fastdepCXX_TRUE=''
am__include='include'
am__isrc=''
am__leading_dot='.'
am__nodep='_no'
am__quote=''
am__tar='$${TAR-tar} chof - "$$tardir"'
am__untar='$${TAR-tar} xf -'
bindir='${exec_prefix}/bin'
build='x86_64-pc-linux-gnu'
build_alias=''
build_cpu='x86_64'
build_os='linux-gnu'
build_vendor='pc'
datadir='${datarootdir}'
datarootdir='${prefix}/share'
docdir='${datarootdir}/doc/${PACKAGE_TARNAME}'
dvidir='${docdir}'
exec_prefix='${prefix}'
have_doxygen=''
host='x86_64-pc-linux-gnu'
host_alias=''
host_cpu='x86_64'
host_os='linux-gnu'
host_vendor='pc'
htmldir='${docdir}'
includedir='${prefix}/include'
infodir='${datarootdir}/info'
install_sh='${SHELL} /home/dockimble/build/pylith/pylith/aux-config/install-sh'
libdir='${exec_prefix}/lib'
libexecdir='${exec_prefix}/libexec'
localedir='${datarootdir}/locale'
localstatedir='${prefix}/var'
mandir='${datarootdir}/man'
mkdir_p='$(MKDIR_P)'
oldincludedir='/usr/include'
pdfdir='${docdir}'
pkgpyexecdir='${pyexecdir}/pylith'
pkgpythondir='${pythondir}/pylith'
prefix='/home/dockimble/build/pylith'
program_transform_name='s,x,x,'
psdir='${docdir}'
pyexecdir='${exec_prefix}/lib/python2.7/site-packages'
pythondir='${prefix}/lib/python2.7/site-packages'
runstatedir='${localstatedir}/run'
sbindir='${exec_prefix}/sbin'
sharedstatedir='${prefix}/com'
sysconfdir='${prefix}/etc'
target_alias=''

## ----------- ##
## confdefs.h. ##
## ----------- ##

/* confdefs.h */
#define PACKAGE_NAME "PyLith"
#define PACKAGE_TARNAME "pylith"
#define PACKAGE_VERSION "3.0.0beta2"
#define PACKAGE_STRING "PyLith 3.0.0beta2"
#define PACKAGE_BUGREPORT "cig-short@geodynamics.org"
#define PACKAGE_URL ""
#define PACKAGE "pylith"
#define VERSION "3.0.0beta2"
#define STDC_HEADERS 1
#define HAVE_SYS_TYPES_H 1
#define HAVE_SYS_STAT_H 1
#define HAVE_STDLIB_H 1
#define HAVE_STRING_H 1
#define HAVE_MEMORY_H 1
#define HAVE_STRINGS_H 1
#define HAVE_INTTYPES_H 1
#define HAVE_STDINT_H 1
#define HAVE_UNISTD_H 1
#define HAVE_DLFCN_H 1
#define LT_OBJDIR ".libs/"
#define NETCDF4_VERSION "4.6.0"
#define HAVE_NETCDF4 1
#define HAVE_LIBPROJ 1
#define __FUNCTION_NAME__ __PRETTY_FUNCTION__
#define PYLITH_RELEASE_VERSION 0
#define PYLITH_GIT_REVISION "v3.0.0beta2-153-gf51b16361"
#define PYLITH_GIT_HASH "f51b16361c814a27c46683e9fdfa9dcf7a2b1d62"
#define PYLITH_GIT_DATE "2020-01-28 14:13:47 -0500"
#define PYLITH_GIT_BRANCH "rlwalker/feature-poroelasticity"
#define PYLITH_VERSION "3.0.0beta2"
#define PYLITH_DOI "10.5281/zenodo.886600"

configure: exit 0
